[Exception]: возникла ошибка:
[Exception]: текст: {"error":"invalid_client","error_description":"Username or password is incorrect","error_type":"username_or_password_is_incorrect"}
[Exception]: код ошибки: 0
[Exception]: файл: C:\WORK\VK\php\simplevk-master\src\Auth.php:330
[Exception]: путь ошибки: #0 C:\WORK\VK\php\simplevk-master\src\Auth.php(249): DigitalStar\vk_api\Auth->generateAccessTokenMobile(NULL, NULL)
#1 C:\WORK\VK\php\simplevk-master\src\vk_api.php(63): DigitalStar\vk_api\Auth->getAccessToken()
#2 C:\WORK\VK\php\simplevk-master\src\vk_api.php(81): DigitalStar\vk_api\vk_api->__construct('37125342029', 'o8g*&g8&G8&8&F0...', '5.103')
#3 C:\WORK\VK\php\test.php(18): DigitalStar\vk_api\vk_api::create('37125342029', 'o8g*&g8&G8&8&F0...', '5.103')
#4 {main}
[Exception]: возникла ошибка:
[Exception]: текст: {"error":"invalid_client","error_description":"Username or password is incorrect","error_type":"username_or_password_is_incorrect"}
[Exception]: код ошибки: 0
[Exception]: файл: C:\WORK\VK\php\simplevk-master\src\Auth.php:331
[Exception]: путь ошибки: #0 C:\WORK\VK\php\simplevk-master\src\Auth.php(250): DigitalStar\vk_api\Auth->generateAccessTokenMobile(NULL, NULL)
#1 C:\WORK\VK\php\simplevk-master\src\vk_api.php(63): DigitalStar\vk_api\Auth->getAccessToken()
#2 C:\WORK\VK\php\simplevk-master\src\vk_api.php(81): DigitalStar\vk_api\vk_api->__construct('37125342029', 'o8g*&g8&G8&8&F0...', '5.103')
#3 C:\WORK\VK\php\test.php(18): DigitalStar\vk_api\vk_api::create('37125342029', 'o8g*&g8&G8&8&F0...', '5.103')
#4 {main}
[Exception]: возникла ошибка:
[Exception]: текст: {"error":"invalid_client","error_description":"Username or password is incorrect","error_type":"username_or_password_is_incorrect"}
[Exception]: код ошибки: 0
[Exception]: файл: C:\WORK\VK\php\simplevk-master\src\Auth.php:332
[Exception]: путь ошибки: #0 C:\WORK\VK\php\simplevk-master\src\Auth.php(251): DigitalStar\vk_api\Auth->generateAccessTokenMobile(NULL, NULL)
#1 C:\WORK\VK\php\simplevk-master\src\vk_api.php(63): DigitalStar\vk_api\Auth->getAccessToken()
#2 C:\WORK\VK\php\simplevk-master\src\vk_api.php(81): DigitalStar\vk_api\vk_api->__construct('37125342029', 'o8g*&g8&G8&8&F0...', '5.103')
#3 C:\WORK\VK\php\test.php(18): DigitalStar\vk_api\vk_api::create('37125342029', 'o8g*&g8&G8&8&F0...', '5.103')
#4 {main}
[Exception]: возникла ошибка:
[Exception]: текст: {"error":"invalid_client","error_description":"Username or password is incorrect","error_type":"username_or_password_is_incorrect"}
[Exception]: код ошибки: 0
[Exception]: файл: C:\WORK\VK\php\simplevk-master\src\Auth.php:332
[Exception]: путь ошибки: #0 C:\WORK\VK\php\simplevk-master\src\Auth.php(251): DigitalStar\vk_api\Auth->generateAccessTokenMobile(NULL, NULL)
#1 C:\WORK\VK\php\simplevk-master\src\vk_api.php(63): DigitalStar\vk_api\Auth->getAccessToken()
#2 C:\WORK\VK\php\simplevk-master\src\vk_api.php(81): DigitalStar\vk_api\vk_api->__construct('37125342029', 'o8g*&g8&G8&8&F0...', '5.103')
#3 C:\WORK\VK\php\test.php(18): DigitalStar\vk_api\vk_api::create('37125342029', 'o8g*&g8&G8&8&F0...', '5.103')
#4 {main}
[Exception]: возникла ошибка:
[Exception]: текст: {"error":"invalid_client","error_description":"Username or password is incorrect","error_type":"username_or_password_is_incorrect"}
[Exception]: код ошибки: 0
[Exception]: файл: C:\WORK\VK\php\simplevk-master\src\Auth.php:332
[Exception]: путь ошибки: #0 C:\WORK\VK\php\simplevk-master\src\Auth.php(251): DigitalStar\vk_api\Auth->generateAccessTokenMobile(NULL, NULL)
#1 C:\WORK\VK\php\simplevk-master\src\vk_api.php(63): DigitalStar\vk_api\Auth->getAccessToken()
#2 C:\WORK\VK\php\simplevk-master\src\vk_api.php(81): DigitalStar\vk_api\vk_api->__construct('37125342029', 'o8g*&g8&G8&8&F0...', '5.103')
#3 C:\WORK\VK\php\test.php(18): DigitalStar\vk_api\vk_api::create('37125342029', 'o8g*&g8&G8&8&F0...', '5.103')
#4 {main}
[Exception]: возникла ошибка:
[Exception]: текст: {"error":"invalid_client","error_description":"Username or password is incorrect","error_type":"username_or_password_is_incorrect"}
[Exception]: код ошибки: 0
[Exception]: файл: C:\WORK\VK\php\simplevk-master\src\Auth.php:332
[Exception]: путь ошибки: #0 C:\WORK\VK\php\simplevk-master\src\Auth.php(251): DigitalStar\vk_api\Auth->generateAccessTokenMobile(NULL, NULL)
#1 C:\WORK\VK\php\simplevk-master\src\vk_api.php(63): DigitalStar\vk_api\Auth->getAccessToken()
#2 C:\WORK\VK\php\simplevk-master\src\vk_api.php(81): DigitalStar\vk_api\vk_api->__construct('37125342029', 'o8g*&g8&G8&8&F0...', '5.103')
#3 C:\WORK\VK\php\test.php(18): DigitalStar\vk_api\vk_api::create('37125342029', 'o8g*&g8&G8&8&F0...', '5.103')
#4 {main}
[Exception]: возникла ошибка:
[Exception]: текст: {"error":"invalid_client","error_description":"Username or password is incorrect","error_type":"username_or_password_is_incorrect"}
[Exception]: код ошибки: 0
[Exception]: файл: C:\WORK\VK\php\simplevk-master\src\Auth.php:332
[Exception]: путь ошибки: #0 C:\WORK\VK\php\simplevk-master\src\Auth.php(251): DigitalStar\vk_api\Auth->generateAccessTokenMobile(NULL, NULL)
#1 C:\WORK\VK\php\simplevk-master\src\vk_api.php(63): DigitalStar\vk_api\Auth->getAccessToken()
#2 C:\WORK\VK\php\simplevk-master\src\vk_api.php(81): DigitalStar\vk_api\vk_api->__construct('37125342029', 'o8g*&g8&G8&8&F0...', '5.103')
#3 C:\WORK\VK\php\test.php(18): DigitalStar\vk_api\vk_api::create('37125342029', 'o8g*&g8&G8&8&F0...', '5.103')
#4 {main}
[Exception]: возникла ошибка:
[Exception]: текст: {"error":"invalid_client","error_description":"Username or password is incorrect","error_type":"username_or_password_is_incorrect"}
[Exception]: код ошибки: 0
[Exception]: файл: C:\WORK\VK\php\simplevk-master\src\Auth.php:333
[Exception]: путь ошибки: #0 C:\WORK\VK\php\simplevk-master\src\Auth.php(252): DigitalStar\vk_api\Auth->generateAccessTokenMobile(NULL, NULL)
#1 C:\WORK\VK\php\simplevk-master\src\vk_api.php(63): DigitalStar\vk_api\Auth->getAccessToken()
#2 C:\WORK\VK\php\simplevk-master\src\vk_api.php(81): DigitalStar\vk_api\vk_api->__construct('37125342029', 'o8g*&g8&G8&8&F0...', '5.103')
#3 C:\WORK\VK\php\test.php(18): DigitalStar\vk_api\vk_api::create('37125342029', 'o8g*&g8&G8&8&F0...', '5.103')
#4 {main}
[Exception]: возникла ошибка:
[Exception]: текст: {"error":"invalid_client","error_description":"Username or password is incorrect","error_type":"username_or_password_is_incorrect"}
[Exception]: код ошибки: 0
[Exception]: файл: C:\WORK\VK\php\simplevk-master\src\Auth.php:333
[Exception]: путь ошибки: #0 C:\WORK\VK\php\simplevk-master\src\Auth.php(252): DigitalStar\vk_api\Auth->generateAccessTokenMobile(NULL, NULL)
#1 C:\WORK\VK\php\simplevk-master\src\vk_api.php(64): DigitalStar\vk_api\Auth->getAccessToken()
#2 C:\WORK\VK\php\simplevk-master\src\vk_api.php(82): DigitalStar\vk_api\vk_api->__construct('37125342029', 'o8g*&g8&G8&8&F0...', '5.103')
#3 C:\WORK\VK\php\test.php(18): DigitalStar\vk_api\vk_api::create('37125342029', 'o8g*&g8&G8&8&F0...', '5.103')
#4 {main}
[Exception]: возникла ошибка:
[Exception]: текст: {"error":"invalid_client","error_description":"Username or password is incorrect","error_type":"username_or_password_is_incorrect"}
[Exception]: код ошибки: 0
[Exception]: файл: C:\WORK\VK\php\simplevk-master\src\Auth.php:333
[Exception]: путь ошибки: #0 C:\WORK\VK\php\simplevk-master\src\Auth.php(252): DigitalStar\vk_api\Auth->generateAccessTokenMobile(NULL, NULL)
#1 C:\WORK\VK\php\simplevk-master\src\vk_api.php(64): DigitalStar\vk_api\Auth->getAccessToken()
#2 C:\WORK\VK\php\simplevk-master\src\vk_api.php(82): DigitalStar\vk_api\vk_api->__construct('37125342029', 'o8g*&g8&G8&8&F0...', '5.103')
#3 C:\WORK\VK\php\test.php(18): DigitalStar\vk_api\vk_api::create('37125342029', 'o8g*&g8&G8&8&F0...', '5.103')
#4 {main}
[Exception]: возникла ошибка:
[Exception]: текст: {"error":"invalid_client","error_description":"Username or password is incorrect","error_type":"username_or_password_is_incorrect"}
[Exception]: код ошибки: 0
[Exception]: файл: C:\WORK\VK\php\simplevk-master\src\Auth.php:334
[Exception]: путь ошибки: #0 C:\WORK\VK\php\simplevk-master\src\Auth.php(253): DigitalStar\vk_api\Auth->generateAccessTokenMobile(NULL, NULL)
#1 C:\WORK\VK\php\simplevk-master\src\vk_api.php(63): DigitalStar\vk_api\Auth->getAccessToken()
#2 C:\WORK\VK\php\simplevk-master\src\vk_api.php(81): DigitalStar\vk_api\vk_api->__construct('37125342029', 'o8g*&g8&G8&8&F0...', '5.103')
#3 C:\WORK\VK\php\test.php(18): DigitalStar\vk_api\vk_api::create('37125342029', 'o8g*&g8&G8&8&F0...', '5.103')
#4 {main}
[Exception]: возникла ошибка:
[Exception]: текст: {"error":"invalid_client","error_description":"Username or password is incorrect","error_type":"username_or_password_is_incorrect"}
[Exception]: код ошибки: 0
[Exception]: файл: C:\WORK\VK\php\simplevk-master\src\Auth.php:334
[Exception]: путь ошибки: #0 C:\WORK\VK\php\simplevk-master\src\Auth.php(253): DigitalStar\vk_api\Auth->generateAccessTokenMobile(NULL, NULL)
#1 C:\WORK\VK\php\simplevk-master\src\vk_api.php(63): DigitalStar\vk_api\Auth->getAccessToken()
#2 C:\WORK\VK\php\simplevk-master\src\vk_api.php(81): DigitalStar\vk_api\vk_api->__construct('37125342029', 'o8g*&g8&G8&8&F0...', '5.103')
#3 C:\WORK\VK\php\test.php(18): DigitalStar\vk_api\vk_api::create('37125342029', 'o8g*&g8&G8&8&F0...', '5.103')
#4 {main}
[Exception]: возникла ошибка:
[Exception]: текст: {"error":"invalid_client","error_description":"Username or password is incorrect","error_type":"username_or_password_is_incorrect"}
[Exception]: код ошибки: 0
[Exception]: файл: C:\WORK\VK\php\simplevk-master\src\Auth.php:334
[Exception]: путь ошибки: #0 C:\WORK\VK\php\simplevk-master\src\Auth.php(253): DigitalStar\vk_api\Auth->generateAccessTokenMobile(NULL, NULL)
#1 C:\WORK\VK\php\simplevk-master\src\vk_api.php(63): DigitalStar\vk_api\Auth->getAccessToken()
#2 C:\WORK\VK\php\simplevk-master\src\vk_api.php(81): DigitalStar\vk_api\vk_api->__construct('37125342029', 'o8g*&g8&G8&8&F0...', '5.103')
#3 C:\WORK\VK\php\test.php(18): DigitalStar\vk_api\vk_api::create('37125342029', 'o8g*&g8&G8&8&F0...', '5.103')
#4 {main}
[Exception]: возникла ошибка:
[Exception]: текст: {"error":"invalid_client","error_description":"Username or password is incorrect","error_type":"username_or_password_is_incorrect"}
[Exception]: код ошибки: 0
[Exception]: файл: C:\WORK\VK\php\simplevk-master\src\Auth.php:334
[Exception]: путь ошибки: #0 C:\WORK\VK\php\simplevk-master\src\Auth.php(253): DigitalStar\vk_api\Auth->generateAccessTokenMobile(NULL, NULL)
#1 C:\WORK\VK\php\simplevk-master\src\vk_api.php(63): DigitalStar\vk_api\Auth->getAccessToken()
#2 C:\WORK\VK\php\simplevk-master\src\vk_api.php(81): DigitalStar\vk_api\vk_api->__construct('37125342029', 'o8g*&g8&G8&8&F0...', '5.103')
#3 C:\WORK\VK\php\test.php(18): DigitalStar\vk_api\vk_api::create('37125342029', 'o8g*&g8&G8&8&F0...', '5.103')
#4 {main}
